<?xml version="1.0" encoding="UTF-8"?>
<!-- Generated by org.testng.reporters.JUnitXMLReporter -->
<testsuite hostname="Juns-MacBook-Pro-2.local" ignored="10" name="Test" tests="7" failures="3" timestamp="2022-07-04T21:16:48 EDT" time="167.045" errors="0">
  <testcase name="loginValidation" time="5.954" classname="vPro.LoginValidationTest"/>
  <testcase name="login" time="20.408" classname="vPro.SmokeTest"/>
  <testcase name="newRequest" time="51.929" classname="vPro.SmokeTest"/>
  <testcase name="ghosting" time="0.222" classname="vPro.GhostingTest">
    <failure type="org.openqa.selenium.NoSuchElementException" message="no such element: Unable to locate element: {&amp;quot;method&amp;quot;:&amp;quot;css selector&amp;quot;,&amp;quot;selector&amp;quot;:&amp;quot;#username&amp;quot;}
  (Session info: chrome=103.0.5060.53)
For documentation on this error, please visit: https://selenium.dev/exceptions/#no_such_element
Build info: version: &amp;apos;4.1.1&amp;apos;, revision: &amp;apos;e8fcc2cecf&amp;apos;
System info: host: &amp;apos;Juns-MacBook-Pro-2.local&amp;apos;, ip: &amp;apos;2601:c9:c27f:8860:11fe:4c8f:113e:ac9a%en0&amp;apos;, os.name: &amp;apos;Mac OS X&amp;apos;, os.arch: &amp;apos;x86_64&amp;apos;, os.version: &amp;apos;12.1&amp;apos;, java.version: &amp;apos;1.8.0_321&amp;apos;
Driver info: org.openqa.selenium.chrome.ChromeDriver
Command: [03dc61ac4298973c93d703f6a0b3ac01, findElement {using=id, value=username}]
Capabilities {acceptInsecureCerts: false, browserName: chrome, browserVersion: 103.0.5060.53, chrome: {chromedriverVersion: 103.0.5060.53 (a1711811edd7..., userDataDir: /var/folders/26/b347p9tn6gl...}, goog:chromeOptions: {debuggerAddress: localhost:53381}, javascriptEnabled: true, networkConnectionEnabled: false, pageLoadStrategy: normal, platform: MAC, platformName: MAC, proxy: Proxy(), se:cdp: ws://localhost:53381/devtoo..., se:cdpVersion: 103.0.5060.53, setWindowRect: true, strictFileInteractability: false, timeouts: {implicit: 0, pageLoad: 300000, script: 30000}, unhandledPromptBehavior: dismiss and notify, webauthn:extension:credBlob: true, webauthn:extension:largeBlob: true, webauthn:virtualAuthenticators: true}
Session ID: 03dc61ac4298973c93d703f6a0b3ac01">
      <![CDATA[org.openqa.selenium.NoSuchElementException: no such element: Unable to locate element: {"method":"css selector","selector":"#username"}
  (Session info: chrome=103.0.5060.53)
For documentation on this error, please visit: https://selenium.dev/exceptions/#no_such_element
Build info: version: '4.1.1', revision: 'e8fcc2cecf'
System info: host: 'Juns-MacBook-Pro-2.local', ip: '2601:c9:c27f:8860:11fe:4c8f:113e:ac9a%en0', os.name: 'Mac OS X', os.arch: 'x86_64', os.version: '12.1', java.version: '1.8.0_321'
Driver info: org.openqa.selenium.chrome.ChromeDriver
Command: [03dc61ac4298973c93d703f6a0b3ac01, findElement {using=id, value=username}]
Capabilities {acceptInsecureCerts: false, browserName: chrome, browserVersion: 103.0.5060.53, chrome: {chromedriverVersion: 103.0.5060.53 (a1711811edd7..., userDataDir: /var/folders/26/b347p9tn6gl...}, goog:chromeOptions: {debuggerAddress: localhost:53381}, javascriptEnabled: true, networkConnectionEnabled: false, pageLoadStrategy: normal, platform: MAC, platformName: MAC, proxy: Proxy(), se:cdp: ws://localhost:53381/devtoo..., se:cdpVersion: 103.0.5060.53, setWindowRect: true, strictFileInteractability: false, timeouts: {implicit: 0, pageLoad: 300000, script: 30000}, unhandledPromptBehavior: dismiss and notify, webauthn:extension:credBlob: true, webauthn:extension:largeBlob: true, webauthn:virtualAuthenticators: true}
Session ID: 03dc61ac4298973c93d703f6a0b3ac01
at org.openqa.selenium.remote.codec.w3c.W3CHttpResponseCodec.createException(W3CHttpResponseCodec.java:200)
at org.openqa.selenium.remote.codec.w3c.W3CHttpResponseCodec.decode(W3CHttpResponseCodec.java:133)
at org.openqa.selenium.remote.codec.w3c.W3CHttpResponseCodec.decode(W3CHttpResponseCodec.java:53)
at org.openqa.selenium.remote.HttpCommandExecutor.execute(HttpCommandExecutor.java:184)
at org.openqa.selenium.remote.service.DriverCommandExecutor.invokeExecute(DriverCommandExecutor.java:167)
at org.openqa.selenium.remote.service.DriverCommandExecutor.execute(DriverCommandExecutor.java:142)
at org.openqa.selenium.remote.RemoteWebDriver.execute(RemoteWebDriver.java:543)
at org.openqa.selenium.remote.ElementLocation$ElementFinder$2.findElement(ElementLocation.java:162)
at org.openqa.selenium.remote.ElementLocation.findElement(ElementLocation.java:60)
at org.openqa.selenium.remote.RemoteWebDriver.findElement(RemoteWebDriver.java:367)
at org.openqa.selenium.remote.RemoteWebDriver.findElement(RemoteWebDriver.java:359)
at vPro.GhostingTest.ghosting(GhostingTest.java:17)
at java.util.ArrayList.forEach(ArrayList.java:1259)
... Removed 31 stack frames]]>
    </failure>
  </testcase> <!-- ghosting -->
  <testcase name="search" time="17.041" classname="vPro.SearchTest"/>
  <testcase name="compactView" time="19.341" classname="vPro.CompactCalendarViewTest">
    <failure type="org.openqa.selenium.ElementClickInterceptedException" message="element click intercepted: Element &amp;lt;span class=&amp;quot;topbar-item-name&amp;quot;&amp;gt;...&amp;lt;/span&amp;gt; is not clickable at point (1601, 141). Other element would receive the click: &amp;lt;div _ngcontent-ree-c62=&amp;quot;&amp;quot; id=&amp;quot;loader-wrapper&amp;quot; class=&amp;quot;overlay-section small ng-star-inserted&amp;quot;&amp;gt;...&amp;lt;/div&amp;gt;
  (Session info: chrome=103.0.5060.53)
Build info: version: &amp;apos;4.1.1&amp;apos;, revision: &amp;apos;e8fcc2cecf&amp;apos;
System info: host: &amp;apos;Juns-MacBook-Pro-2.local&amp;apos;, ip: &amp;apos;2601:c9:c27f:8860:11fe:4c8f:113e:ac9a%en0&amp;apos;, os.name: &amp;apos;Mac OS X&amp;apos;, os.arch: &amp;apos;x86_64&amp;apos;, os.version: &amp;apos;12.1&amp;apos;, java.version: &amp;apos;1.8.0_321&amp;apos;
Driver info: org.openqa.selenium.chrome.ChromeDriver
Command: [03dc61ac4298973c93d703f6a0b3ac01, clickElement {id=9732613a-ae6e-4113-80d6-869ff5b510b2}]
Capabilities {acceptInsecureCerts: false, browserName: chrome, browserVersion: 103.0.5060.53, chrome: {chromedriverVersion: 103.0.5060.53 (a1711811edd7..., userDataDir: /var/folders/26/b347p9tn6gl...}, goog:chromeOptions: {debuggerAddress: localhost:53381}, javascriptEnabled: true, networkConnectionEnabled: false, pageLoadStrategy: normal, platform: MAC, platformName: MAC, proxy: Proxy(), se:cdp: ws://localhost:53381/devtoo..., se:cdpVersion: 103.0.5060.53, setWindowRect: true, strictFileInteractability: false, timeouts: {implicit: 0, pageLoad: 300000, script: 30000}, unhandledPromptBehavior: dismiss and notify, webauthn:extension:credBlob: true, webauthn:extension:largeBlob: true, webauthn:virtualAuthenticators: true}
Element: [[ChromeDriver: chrome on MAC (03dc61ac4298973c93d703f6a0b3ac01)] -&amp;gt; xpath: //span[contains(text(),&amp;apos;Logout&amp;apos;)]]
Session ID: 03dc61ac4298973c93d703f6a0b3ac01">
      <![CDATA[org.openqa.selenium.ElementClickInterceptedException: element click intercepted: Element <span class="topbar-item-name">...</span> is not clickable at point (1601, 141). Other element would receive the click: <div _ngcontent-ree-c62="" id="loader-wrapper" class="overlay-section small ng-star-inserted">...</div>
  (Session info: chrome=103.0.5060.53)
Build info: version: '4.1.1', revision: 'e8fcc2cecf'
System info: host: 'Juns-MacBook-Pro-2.local', ip: '2601:c9:c27f:8860:11fe:4c8f:113e:ac9a%en0', os.name: 'Mac OS X', os.arch: 'x86_64', os.version: '12.1', java.version: '1.8.0_321'
Driver info: org.openqa.selenium.chrome.ChromeDriver
Command: [03dc61ac4298973c93d703f6a0b3ac01, clickElement {id=9732613a-ae6e-4113-80d6-869ff5b510b2}]
Capabilities {acceptInsecureCerts: false, browserName: chrome, browserVersion: 103.0.5060.53, chrome: {chromedriverVersion: 103.0.5060.53 (a1711811edd7..., userDataDir: /var/folders/26/b347p9tn6gl...}, goog:chromeOptions: {debuggerAddress: localhost:53381}, javascriptEnabled: true, networkConnectionEnabled: false, pageLoadStrategy: normal, platform: MAC, platformName: MAC, proxy: Proxy(), se:cdp: ws://localhost:53381/devtoo..., se:cdpVersion: 103.0.5060.53, setWindowRect: true, strictFileInteractability: false, timeouts: {implicit: 0, pageLoad: 300000, script: 30000}, unhandledPromptBehavior: dismiss and notify, webauthn:extension:credBlob: true, webauthn:extension:largeBlob: true, webauthn:virtualAuthenticators: true}
Element: [[ChromeDriver: chrome on MAC (03dc61ac4298973c93d703f6a0b3ac01)] -> xpath: //span[contains(text(),'Logout')]]
Session ID: 03dc61ac4298973c93d703f6a0b3ac01
at org.openqa.selenium.remote.codec.w3c.W3CHttpResponseCodec.createException(W3CHttpResponseCodec.java:200)
at org.openqa.selenium.remote.codec.w3c.W3CHttpResponseCodec.decode(W3CHttpResponseCodec.java:133)
at org.openqa.selenium.remote.codec.w3c.W3CHttpResponseCodec.decode(W3CHttpResponseCodec.java:53)
at org.openqa.selenium.remote.HttpCommandExecutor.execute(HttpCommandExecutor.java:184)
at org.openqa.selenium.remote.service.DriverCommandExecutor.invokeExecute(DriverCommandExecutor.java:167)
at org.openqa.selenium.remote.service.DriverCommandExecutor.execute(DriverCommandExecutor.java:142)
at org.openqa.selenium.remote.RemoteWebDriver.execute(RemoteWebDriver.java:543)
at org.openqa.selenium.remote.RemoteWebElement.execute(RemoteWebElement.java:251)
at org.openqa.selenium.remote.RemoteWebElement.click(RemoteWebElement.java:77)
at vPro.CompactCalendarViewTest.compactView(CompactCalendarViewTest.java:42)
at java.util.ArrayList.forEach(ArrayList.java:1259)
... Removed 31 stack frames]]>
    </failure>
  </testcase> <!-- compactView -->
  <testcase name="sendEmail" time="40.136" classname="vPro.SendEmailSpotListViewTest">
    <failure type="org.openqa.selenium.TimeoutException" message="Expected condition failed: waiting for visibility of all elements located by By.id: username (tried for 40 second(s) with 500 milliseconds interval)
Build info: version: &amp;apos;4.1.1&amp;apos;, revision: &amp;apos;e8fcc2cecf&amp;apos;
System info: host: &amp;apos;Juns-MacBook-Pro-2.local&amp;apos;, ip: &amp;apos;2601:c9:c27f:8860:11fe:4c8f:113e:ac9a%en0&amp;apos;, os.name: &amp;apos;Mac OS X&amp;apos;, os.arch: &amp;apos;x86_64&amp;apos;, os.version: &amp;apos;12.1&amp;apos;, java.version: &amp;apos;1.8.0_321&amp;apos;
Driver info: org.openqa.selenium.chrome.ChromeDriver
Capabilities {acceptInsecureCerts: false, browserName: chrome, browserVersion: 103.0.5060.53, chrome: {chromedriverVersion: 103.0.5060.53 (a1711811edd7..., userDataDir: /var/folders/26/b347p9tn6gl...}, goog:chromeOptions: {debuggerAddress: localhost:53381}, javascriptEnabled: true, networkConnectionEnabled: false, pageLoadStrategy: normal, platform: MAC, platformName: MAC, proxy: Proxy(), se:cdp: ws://localhost:53381/devtoo..., se:cdpVersion: 103.0.5060.53, setWindowRect: true, strictFileInteractability: false, timeouts: {implicit: 0, pageLoad: 300000, script: 30000}, unhandledPromptBehavior: dismiss and notify, webauthn:extension:credBlob: true, webauthn:extension:largeBlob: true, webauthn:virtualAuthenticators: true}
Session ID: 03dc61ac4298973c93d703f6a0b3ac01">
      <![CDATA[org.openqa.selenium.TimeoutException: Expected condition failed: waiting for visibility of all elements located by By.id: username (tried for 40 second(s) with 500 milliseconds interval)
Build info: version: '4.1.1', revision: 'e8fcc2cecf'
System info: host: 'Juns-MacBook-Pro-2.local', ip: '2601:c9:c27f:8860:11fe:4c8f:113e:ac9a%en0', os.name: 'Mac OS X', os.arch: 'x86_64', os.version: '12.1', java.version: '1.8.0_321'
Driver info: org.openqa.selenium.chrome.ChromeDriver
Capabilities {acceptInsecureCerts: false, browserName: chrome, browserVersion: 103.0.5060.53, chrome: {chromedriverVersion: 103.0.5060.53 (a1711811edd7..., userDataDir: /var/folders/26/b347p9tn6gl...}, goog:chromeOptions: {debuggerAddress: localhost:53381}, javascriptEnabled: true, networkConnectionEnabled: false, pageLoadStrategy: normal, platform: MAC, platformName: MAC, proxy: Proxy(), se:cdp: ws://localhost:53381/devtoo..., se:cdpVersion: 103.0.5060.53, setWindowRect: true, strictFileInteractability: false, timeouts: {implicit: 0, pageLoad: 300000, script: 30000}, unhandledPromptBehavior: dismiss and notify, webauthn:extension:credBlob: true, webauthn:extension:largeBlob: true, webauthn:virtualAuthenticators: true}
Session ID: 03dc61ac4298973c93d703f6a0b3ac01
at org.openqa.selenium.support.ui.WebDriverWait.timeoutException(WebDriverWait.java:138)
at org.openqa.selenium.support.ui.FluentWait.until(FluentWait.java:231)
at vPro.SendEmailSpotListViewTest.sendEmail(SendEmailSpotListViewTest.java:23)
at java.util.ArrayList.forEach(ArrayList.java:1259)
... Removed 27 stack frames]]>
    </failure>
  </testcase> <!-- sendEmail -->
  <testcase name="@AfterTest terminateBrowser" time="0.0" classname="vPro.BaseTest">
    <ignored/>
  </testcase> <!-- @AfterTest terminateBrowser -->
  <testcase name="@AfterTest terminateBrowser" time="0.0" classname="vPro.BaseTest">
    <ignored/>
  </testcase> <!-- @AfterTest terminateBrowser -->
  <testcase name="@AfterTest terminateBrowser" time="0.0" classname="vPro.BaseTest">
    <ignored/>
  </testcase> <!-- @AfterTest terminateBrowser -->
  <testcase name="@AfterTest terminateBrowser" time="0.0" classname="vPro.BaseTest">
    <ignored/>
  </testcase> <!-- @AfterTest terminateBrowser -->
  <testcase name="@AfterTest terminateBrowser" time="0.0" classname="vPro.BaseTest">
    <ignored/>
  </testcase> <!-- @AfterTest terminateBrowser -->
  <testcase name="@BeforeTest launchBrowser" time="0.0" classname="vPro.BaseTest">
    <ignored/>
  </testcase> <!-- @BeforeTest launchBrowser -->
  <testcase name="@BeforeTest launchBrowser" time="0.0" classname="vPro.BaseTest">
    <ignored/>
  </testcase> <!-- @BeforeTest launchBrowser -->
  <testcase name="@BeforeTest launchBrowser" time="0.0" classname="vPro.BaseTest">
    <ignored/>
  </testcase> <!-- @BeforeTest launchBrowser -->
  <testcase name="@BeforeTest launchBrowser" time="0.0" classname="vPro.BaseTest">
    <ignored/>
  </testcase> <!-- @BeforeTest launchBrowser -->
  <testcase name="@BeforeTest launchBrowser" time="0.0" classname="vPro.BaseTest">
    <ignored/>
  </testcase> <!-- @BeforeTest launchBrowser -->
</testsuite> <!-- Test -->
